  main.cpp
C:\Users\chris\OneDrive\Desktop\cs32\project-4\BruinTour\stops.h(32,45): warning C4267: 'return': conversion from 'size_t' to 'int', possible loss of data
C:\Users\chris\OneDrive\Desktop\cs32\project-4\BruinTour\main.cpp(14,24): error C2065: 'TourCommand': undeclared identifier
C:\Users\chris\OneDrive\Desktop\cs32\project-4\BruinTour\main.cpp(14,17): error C2923: 'std::vector': 'TourCommand' is not a valid template type argument for parameter '_Ty'
C:\Users\chris\OneDrive\Desktop\cs32\project-4\BruinTour\main.cpp(14,24): message : see declaration of 'TourCommand'
C:\Users\chris\OneDrive\Desktop\cs32\project-4\BruinTour\main.cpp(14,17): error C2976: 'std::vector': too few template arguments
C:\Program Files\Microsoft Visual Studio\2022\Community\VC\Tools\MSVC\14.37.32822\include\vector(438,1): message : see declaration of 'std::vector'
C:\Users\chris\OneDrive\Desktop\cs32\project-4\BruinTour\main.cpp(22,31): error C2662: 'allocator_traits<allocator_traits<_Alloc>::rebind_alloc<_Ty>>::size_type std::vector<_Ty,_Alloc>::size(void) noexcept const': cannot convert 'this' pointer from 'std::vector' to 'const std::vector<_Ty,_Alloc> &'
C:\Users\chris\OneDrive\Desktop\cs32\project-4\BruinTour\main.cpp(22,28): message : Reason: cannot convert from 'std::vector' to 'const std::vector<_Ty,_Alloc>'
C:\Users\chris\OneDrive\Desktop\cs32\project-4\BruinTour\main.cpp(22,28): message : Conversion requires a second user-defined-conversion operator or constructor
C:\Program Files\Microsoft Visual Studio\2022\Community\VC\Tools\MSVC\14.37.32822\include\vector(1867,39): message : see declaration of 'std::vector<_Ty,_Alloc>::size'
C:\Users\chris\OneDrive\Desktop\cs32\project-4\BruinTour\main.cpp(22,31): message : while trying to match the argument list '()'
C:\Users\chris\OneDrive\Desktop\cs32\project-4\BruinTour\main.cpp(25,13): error C2678: binary '[': no operator found which takes a left-hand operand of type 'std::vector' (or there is no acceptable conversion)
C:\Program Files\Microsoft Visual Studio\2022\Community\VC\Tools\MSVC\14.37.32822\include\vector(1892,40): message : could be 'const _Ty &std::vector<_Ty,_Alloc>::operator [](const allocator_traits<allocator_traits<_Alloc>::rebind_alloc<_Ty>>::size_type) noexcept const'
C:\Program Files\Microsoft Visual Studio\2022\Community\VC\Tools\MSVC\14.37.32822\include\vector(1882,34): message : or       '_Ty &std::vector<_Ty,_Alloc>::operator [](const allocator_traits<allocator_traits<_Alloc>::rebind_alloc<_Ty>>::size_type) noexcept'
C:\Users\chris\OneDrive\Desktop\cs32\project-4\BruinTour\main.cpp(25,13): message : while trying to match the argument list '(std::vector, size_t)'
C:\Users\chris\OneDrive\Desktop\cs32\project-4\BruinTour\main.cpp(25,42): error C2653: 'TourCommand': is not a class or namespace name
C:\Users\chris\OneDrive\Desktop\cs32\project-4\BruinTour\main.cpp(25,55): error C2065: 'commentary': undeclared identifier
C:\Users\chris\OneDrive\Desktop\cs32\project-4\BruinTour\main.cpp(27,38): error C2678: binary '[': no operator found which takes a left-hand operand of type 'std::vector' (or there is no acceptable conversion)
C:\Program Files\Microsoft Visual Studio\2022\Community\VC\Tools\MSVC\14.37.32822\include\vector(1892,40): message : could be 'const _Ty &std::vector<_Ty,_Alloc>::operator [](const allocator_traits<allocator_traits<_Alloc>::rebind_alloc<_Ty>>::size_type) noexcept const'
C:\Program Files\Microsoft Visual Studio\2022\Community\VC\Tools\MSVC\14.37.32822\include\vector(1882,34): message : or       '_Ty &std::vector<_Ty,_Alloc>::operator [](const allocator_traits<allocator_traits<_Alloc>::rebind_alloc<_Ty>>::size_type) noexcept'
C:\Users\chris\OneDrive\Desktop\cs32\project-4\BruinTour\main.cpp(27,38): message : while trying to match the argument list '(std::vector, size_t)'
C:\Users\chris\OneDrive\Desktop\cs32\project-4\BruinTour\main.cpp(28,21): error C2678: binary '[': no operator found which takes a left-hand operand of type 'std::vector' (or there is no acceptable conversion)
C:\Program Files\Microsoft Visual Studio\2022\Community\VC\Tools\MSVC\14.37.32822\include\vector(1892,40): message : could be 'const _Ty &std::vector<_Ty,_Alloc>::operator [](const allocator_traits<allocator_traits<_Alloc>::rebind_alloc<_Ty>>::size_type) noexcept const'
C:\Program Files\Microsoft Visual Studio\2022\Community\VC\Tools\MSVC\14.37.32822\include\vector(1882,34): message : or       '_Ty &std::vector<_Ty,_Alloc>::operator [](const allocator_traits<allocator_traits<_Alloc>::rebind_alloc<_Ty>>::size_type) noexcept'
C:\Users\chris\OneDrive\Desktop\cs32\project-4\BruinTour\main.cpp(28,21): message : while trying to match the argument list '(std::vector, size_t)'
C:\Users\chris\OneDrive\Desktop\cs32\project-4\BruinTour\main.cpp(30,18): error C2678: binary '[': no operator found which takes a left-hand operand of type 'std::vector' (or there is no acceptable conversion)
C:\Program Files\Microsoft Visual Studio\2022\Community\VC\Tools\MSVC\14.37.32822\include\vector(1892,40): message : could be 'const _Ty &std::vector<_Ty,_Alloc>::operator [](const allocator_traits<allocator_traits<_Alloc>::rebind_alloc<_Ty>>::size_type) noexcept const'
C:\Program Files\Microsoft Visual Studio\2022\Community\VC\Tools\MSVC\14.37.32822\include\vector(1882,34): message : or       '_Ty &std::vector<_Ty,_Alloc>::operator [](const allocator_traits<allocator_traits<_Alloc>::rebind_alloc<_Ty>>::size_type) noexcept'
C:\Users\chris\OneDrive\Desktop\cs32\project-4\BruinTour\main.cpp(30,18): message : while trying to match the argument list '(std::vector, size_t)'
C:\Users\chris\OneDrive\Desktop\cs32\project-4\BruinTour\main.cpp(30,47): error C2653: 'TourCommand': is not a class or namespace name
C:\Users\chris\OneDrive\Desktop\cs32\project-4\BruinTour\main.cpp(30,60): error C2065: 'turn': undeclared identifier
C:\Users\chris\OneDrive\Desktop\cs32\project-4\BruinTour\main.cpp(32,34): error C2678: binary '[': no operator found which takes a left-hand operand of type 'std::vector' (or there is no acceptable conversion)
C:\Program Files\Microsoft Visual Studio\2022\Community\VC\Tools\MSVC\14.37.32822\include\vector(1892,40): message : could be 'const _Ty &std::vector<_Ty,_Alloc>::operator [](const allocator_traits<allocator_traits<_Alloc>::rebind_alloc<_Ty>>::size_type) noexcept const'
C:\Program Files\Microsoft Visual Studio\2022\Community\VC\Tools\MSVC\14.37.32822\include\vector(1882,34): message : or       '_Ty &std::vector<_Ty,_Alloc>::operator [](const allocator_traits<allocator_traits<_Alloc>::rebind_alloc<_Ty>>::size_type) noexcept'
C:\Users\chris\OneDrive\Desktop\cs32\project-4\BruinTour\main.cpp(32,34): message : while trying to match the argument list '(std::vector, size_t)'
C:\Users\chris\OneDrive\Desktop\cs32\project-4\BruinTour\main.cpp(32,75): error C2678: binary '[': no operator found which takes a left-hand operand of type 'std::vector' (or there is no acceptable conversion)
C:\Program Files\Microsoft Visual Studio\2022\Community\VC\Tools\MSVC\14.37.32822\include\vector(1892,40): message : could be 'const _Ty &std::vector<_Ty,_Alloc>::operator [](const allocator_traits<allocator_traits<_Alloc>::rebind_alloc<_Ty>>::size_type) noexcept const'
C:\Program Files\Microsoft Visual Studio\2022\Community\VC\Tools\MSVC\14.37.32822\include\vector(1882,34): message : or       '_Ty &std::vector<_Ty,_Alloc>::operator [](const allocator_traits<allocator_traits<_Alloc>::rebind_alloc<_Ty>>::size_type) noexcept'
C:\Users\chris\OneDrive\Desktop\cs32\project-4\BruinTour\main.cpp(32,75): message : while trying to match the argument list '(std::vector, size_t)'
C:\Users\chris\OneDrive\Desktop\cs32\project-4\BruinTour\main.cpp(34,18): error C2678: binary '[': no operator found which takes a left-hand operand of type 'std::vector' (or there is no acceptable conversion)
C:\Program Files\Microsoft Visual Studio\2022\Community\VC\Tools\MSVC\14.37.32822\include\vector(1892,40): message : could be 'const _Ty &std::vector<_Ty,_Alloc>::operator [](const allocator_traits<allocator_traits<_Alloc>::rebind_alloc<_Ty>>::size_type) noexcept const'
C:\Program Files\Microsoft Visual Studio\2022\Community\VC\Tools\MSVC\14.37.32822\include\vector(1882,34): message : or       '_Ty &std::vector<_Ty,_Alloc>::operator [](const allocator_traits<allocator_traits<_Alloc>::rebind_alloc<_Ty>>::size_type) noexcept'
C:\Users\chris\OneDrive\Desktop\cs32\project-4\BruinTour\main.cpp(34,18): message : while trying to match the argument list '(std::vector, size_t)'
C:\Users\chris\OneDrive\Desktop\cs32\project-4\BruinTour\main.cpp(34,47): error C2653: 'TourCommand': is not a class or namespace name
C:\Users\chris\OneDrive\Desktop\cs32\project-4\BruinTour\main.cpp(34,60): error C2065: 'proceed': undeclared identifier
C:\Users\chris\OneDrive\Desktop\cs32\project-4\BruinTour\main.cpp(36,27): error C2678: binary '[': no operator found which takes a left-hand operand of type 'std::vector' (or there is no acceptable conversion)
C:\Program Files\Microsoft Visual Studio\2022\Community\VC\Tools\MSVC\14.37.32822\include\vector(1892,40): message : could be 'const _Ty &std::vector<_Ty,_Alloc>::operator [](const allocator_traits<allocator_traits<_Alloc>::rebind_alloc<_Ty>>::size_type) noexcept const'
C:\Program Files\Microsoft Visual Studio\2022\Community\VC\Tools\MSVC\14.37.32822\include\vector(1882,34): message : or       '_Ty &std::vector<_Ty,_Alloc>::operator [](const allocator_traits<allocator_traits<_Alloc>::rebind_alloc<_Ty>>::size_type) noexcept'
C:\Users\chris\OneDrive\Desktop\cs32\project-4\BruinTour\main.cpp(36,27): message : while trying to match the argument list '(std::vector, size_t)'
C:\Users\chris\OneDrive\Desktop\cs32\project-4\BruinTour\main.cpp(38,29): error C2678: binary '[': no operator found which takes a left-hand operand of type 'std::vector' (or there is no acceptable conversion)
C:\Program Files\Microsoft Visual Studio\2022\Community\VC\Tools\MSVC\14.37.32822\include\vector(1892,40): message : could be 'const _Ty &std::vector<_Ty,_Alloc>::operator [](const allocator_traits<allocator_traits<_Alloc>::rebind_alloc<_Ty>>::size_type) noexcept const'
C:\Program Files\Microsoft Visual Studio\2022\Community\VC\Tools\MSVC\14.37.32822\include\vector(1882,34): message : or       '_Ty &std::vector<_Ty,_Alloc>::operator [](const allocator_traits<allocator_traits<_Alloc>::rebind_alloc<_Ty>>::size_type) noexcept'
C:\Users\chris\OneDrive\Desktop\cs32\project-4\BruinTour\main.cpp(38,29): message : while trying to match the argument list '(std::vector, size_t)'
C:\Users\chris\OneDrive\Desktop\cs32\project-4\BruinTour\main.cpp(39,32): error C2678: binary '[': no operator found which takes a left-hand operand of type 'std::vector' (or there is no acceptable conversion)
C:\Program Files\Microsoft Visual Studio\2022\Community\VC\Tools\MSVC\14.37.32822\include\vector(1892,40): message : could be 'const _Ty &std::vector<_Ty,_Alloc>::operator [](const allocator_traits<allocator_traits<_Alloc>::rebind_alloc<_Ty>>::size_type) noexcept const'
C:\Program Files\Microsoft Visual Studio\2022\Community\VC\Tools\MSVC\14.37.32822\include\vector(1882,34): message : or       '_Ty &std::vector<_Ty,_Alloc>::operator [](const allocator_traits<allocator_traits<_Alloc>::rebind_alloc<_Ty>>::size_type) noexcept'
C:\Users\chris\OneDrive\Desktop\cs32\project-4\BruinTour\main.cpp(39,32): message : while trying to match the argument list '(std::vector, size_t)'
C:\Users\chris\OneDrive\Desktop\cs32\project-4\BruinTour\main.cpp(40,24): error C2662: 'allocator_traits<allocator_traits<_Alloc>::rebind_alloc<_Ty>>::size_type std::vector<_Ty,_Alloc>::size(void) noexcept const': cannot convert 'this' pointer from 'std::vector' to 'const std::vector<_Ty,_Alloc> &'
C:\Users\chris\OneDrive\Desktop\cs32\project-4\BruinTour\main.cpp(40,21): message : Reason: cannot convert from 'std::vector' to 'const std::vector<_Ty,_Alloc>'
C:\Users\chris\OneDrive\Desktop\cs32\project-4\BruinTour\main.cpp(40,21): message : Conversion requires a second user-defined-conversion operator or constructor
C:\Program Files\Microsoft Visual Studio\2022\Community\VC\Tools\MSVC\14.37.32822\include\vector(1867,39): message : see declaration of 'std::vector<_Ty,_Alloc>::size'
C:\Users\chris\OneDrive\Desktop\cs32\project-4\BruinTour\main.cpp(40,24): message : while trying to match the argument list '()'
C:\Users\chris\OneDrive\Desktop\cs32\project-4\BruinTour\main.cpp(40,39): error C2678: binary '[': no operator found which takes a left-hand operand of type 'std::vector' (or there is no acceptable conversion)
C:\Program Files\Microsoft Visual Studio\2022\Community\VC\Tools\MSVC\14.37.32822\include\vector(1892,40): message : could be 'const _Ty &std::vector<_Ty,_Alloc>::operator [](const allocator_traits<allocator_traits<_Alloc>::rebind_alloc<_Ty>>::size_type) noexcept const'
C:\Program Files\Microsoft Visual Studio\2022\Community\VC\Tools\MSVC\14.37.32822\include\vector(1882,34): message : or       '_Ty &std::vector<_Ty,_Alloc>::operator [](const allocator_traits<allocator_traits<_Alloc>::rebind_alloc<_Ty>>::size_type) noexcept'
C:\Users\chris\OneDrive\Desktop\cs32\project-4\BruinTour\main.cpp(40,39): message : while trying to match the argument list '(std::vector, size_t)'
C:\Users\chris\OneDrive\Desktop\cs32\project-4\BruinTour\main.cpp(40,72): error C2653: 'TourCommand': is not a class or namespace name
C:\Users\chris\OneDrive\Desktop\cs32\project-4\BruinTour\main.cpp(40,85): error C2065: 'proceed': undeclared identifier
C:\Users\chris\OneDrive\Desktop\cs32\project-4\BruinTour\main.cpp(41,20): error C2678: binary '[': no operator found which takes a left-hand operand of type 'std::vector' (or there is no acceptable conversion)
C:\Program Files\Microsoft Visual Studio\2022\Community\VC\Tools\MSVC\14.37.32822\include\vector(1892,40): message : could be 'const _Ty &std::vector<_Ty,_Alloc>::operator [](const allocator_traits<allocator_traits<_Alloc>::rebind_alloc<_Ty>>::size_type) noexcept const'
C:\Program Files\Microsoft Visual Studio\2022\Community\VC\Tools\MSVC\14.37.32822\include\vector(1882,34): message : or       '_Ty &std::vector<_Ty,_Alloc>::operator [](const allocator_traits<allocator_traits<_Alloc>::rebind_alloc<_Ty>>::size_type) noexcept'
C:\Users\chris\OneDrive\Desktop\cs32\project-4\BruinTour\main.cpp(41,20): message : while trying to match the argument list '(std::vector, size_t)'
C:\Users\chris\OneDrive\Desktop\cs32\project-4\BruinTour\main.cpp(41,47): error C2678: binary '[': no operator found which takes a left-hand operand of type 'std::vector' (or there is no acceptable conversion)
C:\Program Files\Microsoft Visual Studio\2022\Community\VC\Tools\MSVC\14.37.32822\include\vector(1892,40): message : could be 'const _Ty &std::vector<_Ty,_Alloc>::operator [](const allocator_traits<allocator_traits<_Alloc>::rebind_alloc<_Ty>>::size_type) noexcept const'
C:\Program Files\Microsoft Visual Studio\2022\Community\VC\Tools\MSVC\14.37.32822\include\vector(1882,34): message : or       '_Ty &std::vector<_Ty,_Alloc>::operator [](const allocator_traits<allocator_traits<_Alloc>::rebind_alloc<_Ty>>::size_type) noexcept'
C:\Users\chris\OneDrive\Desktop\cs32\project-4\BruinTour\main.cpp(41,47): message : while trying to match the argument list '(std::vector, size_t)'
C:\Users\chris\OneDrive\Desktop\cs32\project-4\BruinTour\main.cpp(41,70): error C2678: binary '[': no operator found which takes a left-hand operand of type 'std::vector' (or there is no acceptable conversion)
C:\Program Files\Microsoft Visual Studio\2022\Community\VC\Tools\MSVC\14.37.32822\include\vector(1892,40): message : could be 'const _Ty &std::vector<_Ty,_Alloc>::operator [](const allocator_traits<allocator_traits<_Alloc>::rebind_alloc<_Ty>>::size_type) noexcept const'
C:\Program Files\Microsoft Visual Studio\2022\Community\VC\Tools\MSVC\14.37.32822\include\vector(1882,34): message : or       '_Ty &std::vector<_Ty,_Alloc>::operator [](const allocator_traits<allocator_traits<_Alloc>::rebind_alloc<_Ty>>::size_type) noexcept'
C:\Users\chris\OneDrive\Desktop\cs32\project-4\BruinTour\main.cpp(41,70): message : while trying to match the argument list '(std::vector, size_t)'
C:\Users\chris\OneDrive\Desktop\cs32\project-4\BruinTour\main.cpp(41,93): error C2653: 'GeoDatabase': is not a class or namespace name
C:\Users\chris\OneDrive\Desktop\cs32\project-4\BruinTour\main.cpp(41,106): error C2065: 'kPathString': undeclared identifier
C:\Users\chris\OneDrive\Desktop\cs32\project-4\BruinTour\main.cpp(46,128): error C2678: binary '[': no operator found which takes a left-hand operand of type 'std::vector' (or there is no acceptable conversion)
C:\Program Files\Microsoft Visual Studio\2022\Community\VC\Tools\MSVC\14.37.32822\include\vector(1892,40): message : could be 'const _Ty &std::vector<_Ty,_Alloc>::operator [](const allocator_traits<allocator_traits<_Alloc>::rebind_alloc<_Ty>>::size_type) noexcept const'
C:\Program Files\Microsoft Visual Studio\2022\Community\VC\Tools\MSVC\14.37.32822\include\vector(1882,34): message : or       '_Ty &std::vector<_Ty,_Alloc>::operator [](const allocator_traits<allocator_traits<_Alloc>::rebind_alloc<_Ty>>::size_type) noexcept'
C:\Users\chris\OneDrive\Desktop\cs32\project-4\BruinTour\main.cpp(46,128): message : while trying to match the argument list '(std::vector, size_t)'
C:\Users\chris\OneDrive\Desktop\cs32\project-4\BruinTour\main.cpp(64,5): error C2065: 'GeoDatabase': undeclared identifier
C:\Users\chris\OneDrive\Desktop\cs32\project-4\BruinTour\main.cpp(64,17): error C2146: syntax error: missing ';' before identifier 'geodb'
C:\Users\chris\OneDrive\Desktop\cs32\project-4\BruinTour\main.cpp(64,17): error C2065: 'geodb': undeclared identifier
C:\Users\chris\OneDrive\Desktop\cs32\project-4\BruinTour\main.cpp(65,10): error C2065: 'geodb': undeclared identifier
C:\Users\chris\OneDrive\Desktop\cs32\project-4\BruinTour\main.cpp(71,5): error C2065: 'Router': undeclared identifier
C:\Users\chris\OneDrive\Desktop\cs32\project-4\BruinTour\main.cpp(71,12): error C2146: syntax error: missing ';' before identifier 'router'
C:\Users\chris\OneDrive\Desktop\cs32\project-4\BruinTour\main.cpp(71,19): error C2065: 'geodb': undeclared identifier
C:\Users\chris\OneDrive\Desktop\cs32\project-4\BruinTour\main.cpp(71,12): error C3861: 'router': identifier not found
C:\Users\chris\OneDrive\Desktop\cs32\project-4\BruinTour\main.cpp(72,5): error C2065: 'TourGenerator': undeclared identifier
C:\Users\chris\OneDrive\Desktop\cs32\project-4\BruinTour\main.cpp(72,19): error C2146: syntax error: missing ';' before identifier 'tg'
C:\Users\chris\OneDrive\Desktop\cs32\project-4\BruinTour\main.cpp(72,22): error C2065: 'geodb': undeclared identifier
C:\Users\chris\OneDrive\Desktop\cs32\project-4\BruinTour\main.cpp(72,29): error C2065: 'router': undeclared identifier
C:\Users\chris\OneDrive\Desktop\cs32\project-4\BruinTour\main.cpp(72,19): error C3861: 'tg': identifier not found
C:\Users\chris\OneDrive\Desktop\cs32\project-4\BruinTour\main.cpp(84,12): error C2065: 'TourCommand': undeclared identifier
C:\Users\chris\OneDrive\Desktop\cs32\project-4\BruinTour\main.cpp(84,5): error C2923: 'std::vector': 'TourCommand' is not a valid template type argument for parameter '_Ty'
C:\Users\chris\OneDrive\Desktop\cs32\project-4\BruinTour\main.cpp(84,12): message : see declaration of 'TourCommand'
C:\Users\chris\OneDrive\Desktop\cs32\project-4\BruinTour\main.cpp(84,5): error C2976: 'std::vector': too few template arguments
C:\Program Files\Microsoft Visual Studio\2022\Community\VC\Tools\MSVC\14.37.32822\include\vector(438,1): message : see declaration of 'std::vector'
C:\Users\chris\OneDrive\Desktop\cs32\project-4\BruinTour\main.cpp(84,31): error C2065: 'tg': undeclared identifier
C:\Users\chris\OneDrive\Desktop\cs32\project-4\BruinTour\main.cpp(84,29): error C2512: 'std::vector': no appropriate default constructor available
C:\Program Files\Microsoft Visual Studio\2022\Community\VC\Tools\MSVC\14.37.32822\include\vector(438,1): message : see declaration of 'std::vector'
C:\Users\chris\OneDrive\Desktop\cs32\project-4\BruinTour\main.cpp(85,12): error C2662: 'bool std::vector<_Ty,_Alloc>::empty(void) noexcept const': cannot convert 'this' pointer from 'std::vector' to 'const std::vector<_Ty,_Alloc> &'
C:\Users\chris\OneDrive\Desktop\cs32\project-4\BruinTour\main.cpp(85,9): message : Reason: cannot convert from 'std::vector' to 'const std::vector<_Ty,_Alloc>'
C:\Users\chris\OneDrive\Desktop\cs32\project-4\BruinTour\main.cpp(85,9): message : Conversion requires a second user-defined-conversion operator or constructor
C:\Program Files\Microsoft Visual Studio\2022\Community\VC\Tools\MSVC\14.37.32822\include\vector(1862,47): message : see declaration of 'std::vector<_Ty,_Alloc>::empty'
C:\Users\chris\OneDrive\Desktop\cs32\project-4\BruinTour\main.cpp(85,12): message : while trying to match the argument list '()'
  HashMap.h
C:\Users\chris\OneDrive\Desktop\cs32\project-4\BruinTour\HashMap.h(33,8): error C2143: syntax error: missing ';' before '<'
C:\Users\chris\OneDrive\Desktop\cs32\project-4\BruinTour\HashMap.h(40,2): message : see reference to class template instantiation 'HashMap<T>' being compiled
C:\Users\chris\OneDrive\Desktop\cs32\project-4\BruinTour\HashMap.h(33,1): error C4430: missing type specifier - int assumed. Note: C++ does not support default-int
C:\Users\chris\OneDrive\Desktop\cs32\project-4\BruinTour\HashMap.h(33,28): error C2238: unexpected token(s) preceding ';'
C:\Users\chris\OneDrive\Desktop\cs32\project-4\BruinTour\HashMap.h(45,18): error C2065: 'vector': undeclared identifier
C:\Users\chris\OneDrive\Desktop\cs32\project-4\BruinTour\HashMap.h(45,18): error C2187: syntax error: 'vector' was unexpected here
C:\Users\chris\OneDrive\Desktop\cs32\project-4\BruinTour\HashMap.h(53,22): error C3861: 'm_buckets': identifier not found
C:\Users\chris\OneDrive\Desktop\cs32\project-4\BruinTour\HashMap.h(54,7): error C2065: 'm_buckets': undeclared identifier
C:\Users\chris\OneDrive\Desktop\cs32\project-4\BruinTour\HashMap.h(54,7): error C3861: 'm_buckets': identifier not found
C:\Users\chris\OneDrive\Desktop\cs32\project-4\BruinTour\HashMap.h(55,11): error C3861: 'm_buckets': identifier not found
C:\Users\chris\OneDrive\Desktop\cs32\project-4\BruinTour\HashMap.h(53,22): error C2065: 'm_buckets': undeclared identifier
C:\Users\chris\OneDrive\Desktop\cs32\project-4\BruinTour\HashMap.h(55,11): error C2065: 'm_buckets': undeclared identifier
C:\Users\chris\OneDrive\Desktop\cs32\project-4\BruinTour\HashMap.h(72,5): error C2065: 'm_buckets': undeclared identifier
C:\Users\chris\OneDrive\Desktop\cs32\project-4\BruinTour\HashMap.h(72,15): error C2760: syntax error: ']' was unexpected here; expected 'expression'
C:\Users\chris\OneDrive\Desktop\cs32\project-4\BruinTour\HashMap.h(73,1): error C2760: syntax error: '}' was unexpected here; expected 'statement'
C:\Users\chris\OneDrive\Desktop\cs32\project-4\BruinTour\HashMap.h(84,57): error C3861: 'm_buckets': identifier not found
C:\Users\chris\OneDrive\Desktop\cs32\project-4\BruinTour\HashMap.h(84,57): error C2065: 'm_buckets': undeclared identifier
C:\Users\chris\OneDrive\Desktop\cs32\project-4\BruinTour\HashMap.h(90,20): error C3861: 'string': identifier not found
C:\Users\chris\OneDrive\Desktop\cs32\project-4\BruinTour\HashMap.h(90,38): error C3861: 'm_buckets': identifier not found
C:\Users\chris\OneDrive\Desktop\cs32\project-4\BruinTour\HashMap.h(90,20): error C2065: 'string': undeclared identifier
C:\Users\chris\OneDrive\Desktop\cs32\project-4\BruinTour\HashMap.h(90,38): error C2065: 'm_buckets': undeclared identifier
  tour_generator.cpp
  Generating Code...
